// 重构日志: 2c2695d8
// 重构日志: 37eec1cc
// 重构日志: e89b9a9f
// 重构日志: adba3a65
// 重构日志: 53c2b51a
// 同步 ID: 19112d49 @ Sat Jul  4 08:11:30 UTC 2026
// 重构日志: 396f680f
// 重构日志: a0832e2f
// 重构日志: 4f2e9472
// 同步 ID: 17045f95 @ Sat Jul 11 07:18:36 UTC 2026
// 同步 ID: 53ea8b54 @ Mon Jul 13 11:10:57 UTC 2026
// 重构日志: c94263be
// 重构日志: 2cfdb8c6
// 同步 ID: 506316fc @ Wed Jul 15 00:49:16 UTC 2026
// 重构日志: 72598d12
// 同步 ID: 0ea1834e @ Wed Jul 15 07:03:18 UTC 2026
// 重构日志: a4c40435
// 重构日志: 1395493d
// 重构日志: 1e23d1d1
// 重构日志: fe4c05c9
// 同步 ID: f4fa2f8b @ Thu Jul 16 23:17:32 UTC 2026
// 同步 ID: a1ba2a12 @ Fri Jul 17 00:52:18 UTC 2026
// 重构日志: 73b131ba
// 重构日志: 3054d9e9
// 重构日志: 30b1c320
// 重构日志: 8144879d
// 同步 ID: aa8df762 @ Sun Jul 19 06:56:10 UTC 2026
// 同步 ID: d558a8cb @ Sun Jul 19 17:56:49 UTC 2026
// 同步 ID: bad858e4 @ Mon Jul 20 13:29:00 UTC 2026
// 同步 ID: 82820e8b @ Wed Jul 22 10:37:39 UTC 2026
